[debug] [2021-06-24T04:14:54.578Z] ----------------------------------------------------------------------
[debug] [2021-06-24T04:14:54.580Z] Command:       C:\Program Files\nodejs\node.exe C:\Users\Dean\AppData\Roaming\npm\node_modules\firebase-tools\lib\bin\firebase.js deploy
[debug] [2021-06-24T04:14:54.580Z] CLI Version:   9.14.0
[debug] [2021-06-24T04:14:54.580Z] Platform:      win32
[debug] [2021-06-24T04:14:54.581Z] Node Version:  v14.15.0
[debug] [2021-06-24T04:14:54.581Z] Time:          Thu Jun 24 2021 12:14:54 GMT+0800 (台北標準時間)
[debug] [2021-06-24T04:14:54.581Z] ----------------------------------------------------------------------
[debug] 
[debug] [2021-06-24T04:14:54.590Z] > command requires scopes: ["email","openid","https://www.googleapis.com/auth/cloudplatformprojects.readonly","https://www.googleapis.com/auth/firebase","https://www.googleapis.com/auth/cloud-platform"]
[debug] [2021-06-24T04:14:54.590Z] > authorizing via signed-in user (dcheng34551@gmail.com)
[debug] [2021-06-24T04:14:54.590Z] [iam] checking project scard-45610 for permissions ["cloudfunctions.functions.create","cloudfunctions.functions.delete","cloudfunctions.functions.get","cloudfunctions.functions.list","cloudfunctions.functions.update","cloudfunctions.operations.get","datastore.indexes.create","datastore.indexes.delete","datastore.indexes.list","datastore.indexes.update","firebase.projects.get","firebasehosting.sites.update","firebaserules.releases.create","firebaserules.releases.update","firebaserules.rulesets.create"]
[debug] [2021-06-24T04:14:54.591Z] >>> HTTP REQUEST POST https://cloudresourcemanager.googleapis.com/v1/projects/scard-45610:testIamPermissions  
 {"permissions":["cloudfunctions.functions.create","cloudfunctions.functions.delete","cloudfunctions.functions.get","cloudfunctions.functions.list","cloudfunctions.functions.update","cloudfunctions.operations.get","datastore.indexes.create","datastore.indexes.delete","datastore.indexes.list","datastore.indexes.update","firebase.projects.get","firebasehosting.sites.update","firebaserules.releases.create","firebaserules.releases.update","firebaserules.rulesets.create"]}
[debug] [2021-06-24T04:14:55.420Z] <<< HTTP RESPONSE 200 {"content-type":"application/json; charset=UTF-8","vary":"X-Origin, Referer, Origin,Accept-Encoding","date":"Thu, 24 Jun 2021 04:14:55 GMT","server":"ESF","cache-control":"private","x-xss-protection":"0","x-frame-options":"SAMEORIGIN","x-content-type-options":"nosniff","server-timing":"gfet4t7; dur=759","alt-svc":"h3=\":443\"; ma=2592000,h3-29=\":443\"; ma=2592000,h3-T051=\":443\"; ma=2592000,h3-Q050=\":443\"; ma=2592000,h3-Q046=\":443\"; ma=2592000,h3-Q043=\":443\"; ma=2592000,quic=\":443\"; ma=2592000; v=\"46,43\"","accept-ranges":"none","transfer-encoding":"chunked"}
[debug] [2021-06-24T04:14:55.424Z] >>> HTTP REQUEST POST https://iam.googleapis.com/v1/projects/scard-45610/serviceAccounts/scard-45610@appspot.gserviceaccount.com:testIamPermissions  
 {"permissions":["iam.serviceAccounts.actAs"]}
[debug] [2021-06-24T04:14:56.321Z] <<< HTTP RESPONSE 200 {"content-type":"application/json; charset=UTF-8","vary":"X-Origin, Referer, Origin,Accept-Encoding","date":"Thu, 24 Jun 2021 04:14:56 GMT","server":"ESF","cache-control":"private","x-xss-protection":"0","x-frame-options":"SAMEORIGIN","x-content-type-options":"nosniff","alt-svc":"h3=\":443\"; ma=2592000,h3-29=\":443\"; ma=2592000,h3-T051=\":443\"; ma=2592000,h3-Q050=\":443\"; ma=2592000,h3-Q046=\":443\"; ma=2592000,h3-Q043=\":443\"; ma=2592000,quic=\":443\"; ma=2592000; v=\"46,43\"","accept-ranges":"none","transfer-encoding":"chunked"}
[debug] [2021-06-24T04:14:56.327Z] > refreshing access token with scopes: []
[debug] [2021-06-24T04:14:56.328Z] >>> HTTP REQUEST POST https://www.googleapis.com/oauth2/v3/token  
 <request body omitted>
[debug] [2021-06-24T04:14:56.418Z] <<< HTTP RESPONSE 200 {"date":"Thu, 24 Jun 2021 04:14:56 GMT","cache-control":"no-cache, no-store, max-age=0, must-revalidate","expires":"Mon, 01 Jan 1990 00:00:00 GMT","pragma":"no-cache","content-type":"application/json; charset=utf-8","vary":"X-Origin, Referer, Origin,Accept-Encoding","server":"scaffolding on HTTPServer2","x-xss-protection":"0","x-frame-options":"SAMEORIGIN","x-content-type-options":"nosniff","alt-svc":"h3=\":443\"; ma=2592000,h3-29=\":443\"; ma=2592000,h3-T051=\":443\"; ma=2592000,h3-Q050=\":443\"; ma=2592000,h3-Q046=\":443\"; ma=2592000,h3-Q043=\":443\"; ma=2592000,quic=\":443\"; ma=2592000; v=\"46,43\"","accept-ranges":"none","transfer-encoding":"chunked"}
[debug] [2021-06-24T04:14:56.501Z] >>> [apiv2][query] GET https://firebase.googleapis.com/v1beta1/projects/scard-45610 [none]
[debug] [2021-06-24T04:14:56.868Z] <<< [apiv2][status] GET https://firebase.googleapis.com/v1beta1/projects/scard-45610 200
[debug] [2021-06-24T04:14:56.869Z] <<< [apiv2][body] GET https://firebase.googleapis.com/v1beta1/projects/scard-45610 {"projectId":"scard-45610","projectNumber":"819062008458","displayName":"SCard","name":"projects/scard-45610","resources":{"hostingSite":"scard-45610","realtimeDatabaseInstance":"scard-45610-default-rtdb","storageBucket":"scard-45610.appspot.com","locationId":"asia-northeast1"},"state":"ACTIVE"}
[info] 
[info] === Deploying to 'scard-45610'...
[info] 
[info] i  deploying storage, firestore, functions, hosting 
[debug] [2021-06-24T04:14:56.880Z] > refreshing access token with scopes: ["email","https://www.googleapis.com/auth/cloud-platform","https://www.googleapis.com/auth/cloudplatformprojects.readonly","https://www.googleapis.com/auth/firebase","openid"]
[debug] [2021-06-24T04:14:56.881Z] >>> HTTP REQUEST POST https://www.googleapis.com/oauth2/v3/token  
 <request body omitted>
[debug] [2021-06-24T04:14:56.971Z] <<< HTTP RESPONSE 200 {"date":"Thu, 24 Jun 2021 04:14:56 GMT","expires":"Mon, 01 Jan 1990 00:00:00 GMT","cache-control":"no-cache, no-store, max-age=0, must-revalidate","pragma":"no-cache","content-type":"application/json; charset=utf-8","vary":"X-Origin, Referer, Origin,Accept-Encoding","server":"scaffolding on HTTPServer2","x-xss-protection":"0","x-frame-options":"SAMEORIGIN","x-content-type-options":"nosniff","alt-svc":"h3=\":443\"; ma=2592000,h3-29=\":443\"; ma=2592000,h3-T051=\":443\"; ma=2592000,h3-Q050=\":443\"; ma=2592000,h3-Q046=\":443\"; ma=2592000,h3-Q043=\":443\"; ma=2592000,quic=\":443\"; ma=2592000; v=\"46,43\"","accept-ranges":"none","transfer-encoding":"chunked"}
[debug] [2021-06-24T04:14:56.983Z] >>> HTTP REQUEST GET https://appengine.googleapis.com/v1/apps/scard-45610  
 
[debug] [2021-06-24T04:14:57.166Z] <<< HTTP RESPONSE 200 {"content-type":"application/json; charset=UTF-8","vary":"X-Origin, Referer, Origin,Accept-Encoding","date":"Thu, 24 Jun 2021 04:14:57 GMT","server":"ESF","cache-control":"private","x-xss-protection":"0","x-frame-options":"SAMEORIGIN","x-content-type-options":"nosniff","alt-svc":"h3=\":443\"; ma=2592000,h3-29=\":443\"; ma=2592000,h3-T051=\":443\"; ma=2592000,h3-Q050=\":443\"; ma=2592000,h3-Q046=\":443\"; ma=2592000,h3-Q043=\":443\"; ma=2592000,quic=\":443\"; ma=2592000; v=\"46,43\"","accept-ranges":"none","transfer-encoding":"chunked"}
[info] i  firebase.storage: checking storage.rules for compilation errors... 
[debug] [2021-06-24T04:14:57.168Z] >>> HTTP REQUEST POST https://firebaserules.googleapis.com/v1/projects/scard-45610:test  
 {"source":{"files":[{"name":"storage.rules","content":"rules_version = '2';\nservice firebase.storage {\n  match /b/{bucket}/o {\n    match /{allPaths=**} {\n      allow read, write: if request.auth!=null;\n    }\n  }\n}\n"}]}}
[debug] [2021-06-24T04:14:58.197Z] <<< HTTP RESPONSE 200 {"content-type":"application/json; charset=UTF-8","vary":"X-Origin, Referer, Origin,Accept-Encoding","date":"Thu, 24 Jun 2021 04:14:58 GMT","server":"ESF","cache-control":"private","x-xss-protection":"0","x-frame-options":"SAMEORIGIN","x-content-type-options":"nosniff","alt-svc":"h3=\":443\"; ma=2592000,h3-29=\":443\"; ma=2592000,h3-T051=\":443\"; ma=2592000,h3-Q050=\":443\"; ma=2592000,h3-Q046=\":443\"; ma=2592000,h3-Q043=\":443\"; ma=2592000,quic=\":443\"; ma=2592000; v=\"46,43\"","accept-ranges":"none","transfer-encoding":"chunked"}
[info] +  firebase.storage: rules file storage.rules compiled successfully 
[info] i  firestore: reading indexes from firestore.indexes.json... 
[info] i  cloud.firestore: checking firestore.rules for compilation errors... 
[debug] [2021-06-24T04:14:58.207Z] >>> HTTP REQUEST POST https://firebaserules.googleapis.com/v1/projects/scard-45610:test  
 {"source":{"files":[{"name":"firestore.rules","content":"rules_version = '2';\nservice cloud.firestore {\n  match /databases/{database}/documents {\n    match /{document=**} {\n      allow read, write: if true;\n    }\n  }\n}"}]}}
[debug] [2021-06-24T04:14:59.209Z] <<< HTTP RESPONSE 200 {"content-type":"application/json; charset=UTF-8","vary":"X-Origin, Referer, Origin,Accept-Encoding","date":"Thu, 24 Jun 2021 04:14:59 GMT","server":"ESF","cache-control":"private","x-xss-protection":"0","x-frame-options":"SAMEORIGIN","x-content-type-options":"nosniff","alt-svc":"h3=\":443\"; ma=2592000,h3-29=\":443\"; ma=2592000,h3-T051=\":443\"; ma=2592000,h3-Q050=\":443\"; ma=2592000,h3-Q046=\":443\"; ma=2592000,h3-Q043=\":443\"; ma=2592000,quic=\":443\"; ma=2592000; v=\"46,43\"","accept-ranges":"none","transfer-encoding":"chunked"}
[info] +  cloud.firestore: rules file firestore.rules compiled successfully 
[debug] [2021-06-24T04:14:59.218Z] Validating nodejs source
[debug] [2021-06-24T04:15:01.601Z] > [functions] package.json contents: {
  "name": "functions",
  "description": "Cloud Functions for Firebase",
  "scripts": {
    "serve": "firebase emulators:start --only functions",
    "shell": "firebase functions:shell",
    "start": "npm run shell",
    "deploy": "firebase deploy --only functions",
    "logs": "firebase functions:log"
  },
  "engines": {
    "node": "12"
  },
  "main": "index.js",
  "dependencies": {
    "body-parser": "^1.19.0",
    "cors": "^2.8.5",
    "express": "^4.17.1",
    "firebase-admin": "^9.2.0",
    "firebase-functions": "^3.11.0",
    "nodemailer": "^6.6.0"
  },
  "devDependencies": {
    "firebase-functions-test": "^0.2.0"
  },
  "private": true
}
[debug] [2021-06-24T04:15:01.602Z] Building nodejs source
[info] i  functions: ensuring required API cloudfunctions.googleapis.com is enabled... 
[info] i  functions: ensuring required API cloudbuild.googleapis.com is enabled... 
[debug] [2021-06-24T04:15:01.603Z] >>> HTTP REQUEST GET https://serviceusage.googleapis.com/v1/projects/scard-45610/services/cloudfunctions.googleapis.com  
 
[debug] [2021-06-24T04:15:01.603Z] >>> HTTP REQUEST GET https://serviceusage.googleapis.com/v1/projects/scard-45610/services/runtimeconfig.googleapis.com  
 
[debug] [2021-06-24T04:15:01.603Z] >>> HTTP REQUEST GET https://serviceusage.googleapis.com/v1/projects/scard-45610/services/cloudbuild.googleapis.com  
 
[debug] [2021-06-24T04:15:02.711Z] <<< HTTP RESPONSE 200 {"content-type":"application/json; charset=UTF-8","vary":"X-Origin, Referer, Origin,Accept-Encoding","date":"Thu, 24 Jun 2021 04:15:02 GMT","server":"ESF","cache-control":"private","x-xss-protection":"0","x-frame-options":"SAMEORIGIN","x-content-type-options":"nosniff","alt-svc":"h3=\":443\"; ma=2592000,h3-29=\":443\"; ma=2592000,h3-T051=\":443\"; ma=2592000,h3-Q050=\":443\"; ma=2592000,h3-Q046=\":443\"; ma=2592000,h3-Q043=\":443\"; ma=2592000,quic=\":443\"; ma=2592000; v=\"46,43\"","accept-ranges":"none","transfer-encoding":"chunked"}
[debug] [2021-06-24T04:15:02.717Z] <<< HTTP RESPONSE 200 {"content-type":"application/json; charset=UTF-8","vary":"X-Origin, Referer, Origin,Accept-Encoding","date":"Thu, 24 Jun 2021 04:15:02 GMT","server":"ESF","cache-control":"private","x-xss-protection":"0","x-frame-options":"SAMEORIGIN","x-content-type-options":"nosniff","alt-svc":"h3=\":443\"; ma=2592000,h3-29=\":443\"; ma=2592000,h3-T051=\":443\"; ma=2592000,h3-Q050=\":443\"; ma=2592000,h3-Q046=\":443\"; ma=2592000,h3-Q043=\":443\"; ma=2592000,quic=\":443\"; ma=2592000; v=\"46,43\"","accept-ranges":"none","transfer-encoding":"chunked"}
[info] +  functions: required API cloudbuild.googleapis.com is enabled 
[debug] [2021-06-24T04:15:02.741Z] <<< HTTP RESPONSE 200 {"content-type":"application/json; charset=UTF-8","vary":"X-Origin, Referer, Origin,Accept-Encoding","date":"Thu, 24 Jun 2021 04:15:02 GMT","server":"ESF","cache-control":"private","x-xss-protection":"0","x-frame-options":"SAMEORIGIN","x-content-type-options":"nosniff","alt-svc":"h3=\":443\"; ma=2592000,h3-29=\":443\"; ma=2592000,h3-T051=\":443\"; ma=2592000,h3-Q050=\":443\"; ma=2592000,h3-Q046=\":443\"; ma=2592000,h3-Q043=\":443\"; ma=2592000,quic=\":443\"; ma=2592000; v=\"46,43\"","accept-ranges":"none","transfer-encoding":"chunked"}
[info] +  functions: required API cloudfunctions.googleapis.com is enabled 
[debug] [2021-06-24T04:15:02.743Z] >>> HTTP REQUEST GET https://firebase.googleapis.com/v1beta1/projects/scard-45610/adminSdkConfig  
 
[debug] [2021-06-24T04:15:03.282Z] <<< HTTP RESPONSE 200 {"content-type":"application/json; charset=UTF-8","vary":"X-Origin, Referer, Origin,Accept-Encoding","date":"Thu, 24 Jun 2021 04:15:03 GMT","server":"ESF","cache-control":"private","x-xss-protection":"0","x-frame-options":"SAMEORIGIN","x-content-type-options":"nosniff","alt-svc":"h3=\":443\"; ma=2592000,h3-29=\":443\"; ma=2592000,h3-T051=\":443\"; ma=2592000,h3-Q050=\":443\"; ma=2592000,h3-Q046=\":443\"; ma=2592000,h3-Q043=\":443\"; ma=2592000,quic=\":443\"; ma=2592000; v=\"46,43\"","accept-ranges":"none","transfer-encoding":"chunked"}
[debug] [2021-06-24T04:15:03.284Z] >>> HTTP REQUEST GET https://runtimeconfig.googleapis.com/v1beta1/projects/scard-45610/configs  
 
[debug] [2021-06-24T04:15:03.610Z] <<< HTTP RESPONSE 200 {"content-type":"application/json; charset=UTF-8","vary":"X-Origin, Referer, Origin,Accept-Encoding","date":"Thu, 24 Jun 2021 04:15:03 GMT","server":"ESF","cache-control":"private","x-xss-protection":"0","x-frame-options":"SAMEORIGIN","x-content-type-options":"nosniff","alt-svc":"h3=\":443\"; ma=2592000,h3-29=\":443\"; ma=2592000,h3-T051=\":443\"; ma=2592000,h3-Q050=\":443\"; ma=2592000,h3-Q046=\":443\"; ma=2592000,h3-Q043=\":443\"; ma=2592000,quic=\":443\"; ma=2592000; v=\"46,43\"","accept-ranges":"none","transfer-encoding":"chunked"}
[debug] [2021-06-24T04:15:03.611Z] Analyzing nodejs backend spec
[debug] [2021-06-24T04:15:03.746Z] >>> HTTP REQUEST POST https://firebasehosting.googleapis.com/v1beta1/sites/scard-45610/versions  
 {"config":{"rewrites":[{"glob":"**","path":"/index.html"}]},"labels":{"deployment-tool":"cli-firebase"}}
[debug] [2021-06-24T04:15:05.074Z] <<< HTTP RESPONSE 200 {"content-type":"application/json; charset=UTF-8","vary":"X-Origin, Referer, Origin,Accept-Encoding","date":"Thu, 24 Jun 2021 04:15:04 GMT","server":"ESF","cache-control":"private","x-xss-protection":"0","x-frame-options":"SAMEORIGIN","x-content-type-options":"nosniff","alt-svc":"h3=\":443\"; ma=2592000,h3-29=\":443\"; ma=2592000,h3-T051=\":443\"; ma=2592000,h3-Q050=\":443\"; ma=2592000,h3-Q046=\":443\"; ma=2592000,h3-Q043=\":443\"; ma=2592000,quic=\":443\"; ma=2592000; v=\"46,43\"","accept-ranges":"none","transfer-encoding":"chunked"}
[debug] [2021-06-24T04:15:05.076Z] >>> HTTP REQUEST GET https://firebaserules.googleapis.com/v1/projects/scard-45610/releases?pageSize=10&pageToken=  
 
[debug] [2021-06-24T04:15:06.062Z] <<< HTTP RESPONSE 200 {"content-type":"application/json; charset=UTF-8","vary":"X-Origin, Referer, Origin,Accept-Encoding","date":"Thu, 24 Jun 2021 04:15:05 GMT","server":"ESF","cache-control":"private","x-xss-protection":"0","x-frame-options":"SAMEORIGIN","x-content-type-options":"nosniff","alt-svc":"h3=\":443\"; ma=2592000,h3-29=\":443\"; ma=2592000,h3-T051=\":443\"; ma=2592000,h3-Q050=\":443\"; ma=2592000,h3-Q046=\":443\"; ma=2592000,h3-Q043=\":443\"; ma=2592000,quic=\":443\"; ma=2592000; v=\"46,43\"","accept-ranges":"none","transfer-encoding":"chunked"}
[debug] [2021-06-24T04:15:06.066Z] >>> HTTP REQUEST GET https://firebaserules.googleapis.com/v1/projects/scard-45610/rulesets/fed8e641-90d6-4bbc-88d5-b50fb832fa7f  
 
[debug] [2021-06-24T04:15:07.050Z] <<< HTTP RESPONSE 200 {"content-type":"application/json; charset=UTF-8","vary":"X-Origin, Referer, Origin,Accept-Encoding","date":"Thu, 24 Jun 2021 04:15:06 GMT","server":"ESF","cache-control":"private","x-xss-protection":"0","x-frame-options":"SAMEORIGIN","x-content-type-options":"nosniff","alt-svc":"h3=\":443\"; ma=2592000,h3-29=\":443\"; ma=2592000,h3-T051=\":443\"; ma=2592000,h3-Q050=\":443\"; ma=2592000,h3-Q046=\":443\"; ma=2592000,h3-Q043=\":443\"; ma=2592000,quic=\":443\"; ma=2592000; v=\"46,43\"","accept-ranges":"none","transfer-encoding":"chunked"}
[info] i  storage: latest version of storage.rules already up to date, skipping upload... 
[debug] [2021-06-24T04:15:07.057Z] >>> HTTP REQUEST GET https://firebaserules.googleapis.com/v1/projects/scard-45610/releases?pageSize=10&pageToken=  
 
[debug] [2021-06-24T04:15:07.058Z] >>> HTTP REQUEST GET https://firestore.googleapis.com/v1/projects/scard-45610/databases/(default)/collectionGroups/-/indexes  
 
[debug] [2021-06-24T04:15:07.642Z] <<< HTTP RESPONSE 200 {"content-type":"application/json; charset=UTF-8","vary":"X-Origin, Referer, Origin,Accept-Encoding","date":"Thu, 24 Jun 2021 04:15:07 GMT","server":"ESF","cache-control":"private","x-xss-protection":"0","x-frame-options":"SAMEORIGIN","x-content-type-options":"nosniff","alt-svc":"h3=\":443\"; ma=2592000,h3-29=\":443\"; ma=2592000,h3-T051=\":443\"; ma=2592000,h3-Q050=\":443\"; ma=2592000,h3-Q046=\":443\"; ma=2592000,h3-Q043=\":443\"; ma=2592000,quic=\":443\"; ma=2592000; v=\"46,43\"","accept-ranges":"none","transfer-encoding":"chunked"}
[debug] [2021-06-24T04:15:07.642Z] >>> HTTP REQUEST GET https://firestore.googleapis.com/v1/projects/scard-45610/databases/(default)/collectionGroups/-/fields?filter=indexConfig.usesAncestorConfig=false  
 
[debug] [2021-06-24T04:15:08.037Z] <<< HTTP RESPONSE 200 {"content-type":"application/json; charset=UTF-8","vary":"X-Origin, Referer, Origin,Accept-Encoding","date":"Thu, 24 Jun 2021 04:15:07 GMT","server":"ESF","cache-control":"private","x-xss-protection":"0","x-frame-options":"SAMEORIGIN","x-content-type-options":"nosniff","alt-svc":"h3=\":443\"; ma=2592000,h3-29=\":443\"; ma=2592000,h3-T051=\":443\"; ma=2592000,h3-Q050=\":443\"; ma=2592000,h3-Q046=\":443\"; ma=2592000,h3-Q043=\":443\"; ma=2592000,quic=\":443\"; ma=2592000; v=\"46,43\"","accept-ranges":"none","transfer-encoding":"chunked"}
[debug] [2021-06-24T04:15:08.037Z] >>> HTTP REQUEST GET https://firebaserules.googleapis.com/v1/projects/scard-45610/rulesets/f3d45fb9-42e1-42f3-bbde-2f212f0f4883  
 
[debug] [2021-06-24T04:15:08.164Z] <<< HTTP RESPONSE 200 {"content-type":"application/json; charset=UTF-8","vary":"X-Origin, Referer, Origin,Accept-Encoding","date":"Thu, 24 Jun 2021 04:15:08 GMT","server":"ESF","cache-control":"private","x-xss-protection":"0","x-frame-options":"SAMEORIGIN","x-content-type-options":"nosniff","alt-svc":"h3=\":443\"; ma=2592000,h3-29=\":443\"; ma=2592000,h3-T051=\":443\"; ma=2592000,h3-Q050=\":443\"; ma=2592000,h3-Q046=\":443\"; ma=2592000,h3-Q043=\":443\"; ma=2592000,quic=\":443\"; ma=2592000; v=\"46,43\"","accept-ranges":"none","transfer-encoding":"chunked"}
[info] +  firestore: deployed indexes in firestore.indexes.json successfully 
[debug] [2021-06-24T04:15:09.012Z] <<< HTTP RESPONSE 200 {"content-type":"application/json; charset=UTF-8","vary":"X-Origin, Referer, Origin,Accept-Encoding","date":"Thu, 24 Jun 2021 04:15:08 GMT","server":"ESF","cache-control":"private","x-xss-protection":"0","x-frame-options":"SAMEORIGIN","x-content-type-options":"nosniff","alt-svc":"h3=\":443\"; ma=2592000,h3-29=\":443\"; ma=2592000,h3-T051=\":443\"; ma=2592000,h3-Q050=\":443\"; ma=2592000,h3-Q046=\":443\"; ma=2592000,h3-Q043=\":443\"; ma=2592000,quic=\":443\"; ma=2592000; v=\"46,43\"","accept-ranges":"none","transfer-encoding":"chunked"}
[info] i  firestore: latest version of firestore.rules already up to date, skipping upload... 
[debug] [2021-06-24T04:15:09.014Z] >>> HTTP REQUEST GET https://cloudfunctions.googleapis.com/v1/projects/scard-45610/locations/-/functions  
 
[debug] [2021-06-24T04:15:09.568Z] <<< HTTP RESPONSE 200 {"content-type":"application/json; charset=UTF-8","vary":"X-Origin, Referer, Origin,Accept-Encoding","date":"Thu, 24 Jun 2021 04:15:09 GMT","server":"ESF","cache-control":"private","x-xss-protection":"0","x-frame-options":"SAMEORIGIN","x-content-type-options":"nosniff","alt-svc":"h3=\":443\"; ma=2592000,h3-29=\":443\"; ma=2592000,h3-T051=\":443\"; ma=2592000,h3-Q050=\":443\"; ma=2592000,h3-Q046=\":443\"; ma=2592000,h3-Q043=\":443\"; ma=2592000,quic=\":443\"; ma=2592000; v=\"46,43\"","accept-ranges":"none","transfer-encoding":"chunked"}
[info] i  hosting[scard-45610]: beginning deploy... 
[info] i  hosting[scard-45610]: found 66 files in build 
[debug] [2021-06-24T04:15:09.667Z] > refreshing access token with scopes: []
[debug] [2021-06-24T04:15:09.667Z] >>> HTTP REQUEST POST https://www.googleapis.com/oauth2/v3/token  
 <request body omitted>
[debug] [2021-06-24T04:15:09.669Z] [hosting] hash cache [YnVpbGQ] stored for 66 files
[debug] [2021-06-24T04:15:09.669Z] [hosting][hash queue][FINAL] {"max":10,"min":0,"avg":0.8534903711901113,"active":0,"complete":66,"success":66,"errored":0,"retried":0,"total":66,"elapsed":16}
[debug] [2021-06-24T04:15:09.750Z] <<< HTTP RESPONSE 200 {"pragma":"no-cache","cache-control":"no-cache, no-store, max-age=0, must-revalidate","date":"Thu, 24 Jun 2021 04:15:09 GMT","expires":"Mon, 01 Jan 1990 00:00:00 GMT","content-type":"application/json; charset=utf-8","vary":"X-Origin, Referer, Origin,Accept-Encoding","server":"scaffolding on HTTPServer2","x-xss-protection":"0","x-frame-options":"SAMEORIGIN","x-content-type-options":"nosniff","alt-svc":"h3=\":443\"; ma=2592000,h3-29=\":443\"; ma=2592000,h3-T051=\":443\"; ma=2592000,h3-Q050=\":443\"; ma=2592000,h3-Q046=\":443\"; ma=2592000,h3-Q043=\":443\"; ma=2592000,quic=\":443\"; ma=2592000; v=\"46,43\"","accept-ranges":"none","transfer-encoding":"chunked"}
[debug] [2021-06-24T04:15:09.821Z] >>> [apiv2][query] POST https://firebasehosting.googleapis.com/v1beta1/sites/scard-45610/versions/d49da84b428c43ed:populateFiles [none]
[debug] [2021-06-24T04:15:09.821Z] >>> [apiv2][body] POST https://firebasehosting.googleapis.com/v1beta1/sites/scard-45610/versions/d49da84b428c43ed:populateFiles {"files":{"/404.html":"daa499dd96d8229e73235345702ba32f0793f0c8e5c0d30e40e37a5872be57aa\r","/asset-manifest.json":"810ff0c85b320390f74bd259e793c1d2b47a6bbb4d6afc7532973dc88e587f51","/favicon.ico":"eae62e993eb980ec8a25058c39d5a51feab118bd2100c4deebb2a9c158ec11f9\r","/index.html":"513b0243f5229b8d8fed359be6a86f8cf8413c41c42c489ed6b0d33712eb9387","/logo.svg":"a6b4e6c55abddfc07c6021f42d10ed2ac18c16b2de967d447f7babac00cc57b8\r","/logo192.png":"3ee59515172ee198f3be375979df15ac5345183e656720a381b8872b2a39dc8b\r","/logo512.png":"ee7e2f3fdb8209c4b6fd7bef6ba50d1b9dba30a25bb5c3126df057e1cb6f5331\r","/manifest.json":"aff3449bdc238776f5d6d967f19ec491b36aed5fb7f23ccff6500736fd58494a\r","/robots.txt":"bfe106a3fb878dc83461c86818bf74fc1bdc7f28538ba613cd3e775516ce8b49\r","/static/css/2.03994ef3.chunk.css":"1a323377d0858d3cd7e053393aa7d8af499f8f62d28c6c06abddcc70f9689576","/static/css/2.03994ef3.chunk.css.map":"2abd76916392348305525f646229d7e47356d5ebc27846fc9d82f71d998f7a78","/static/css/main.3fa0dc4b.chunk.css":"470cd9f19e2cf26e217a01777b2751020c711765e9f16080f19bd7a216af8948","/static/css/main.3fa0dc4b.chunk.css.map":"2fb03c58e37b45ee9274ce0278983223c5ae070cb9598b4561695e42de5c9e0a","/static/js/2.4835b941.chunk.js":"58feed712ada93a192a1eb08c6a5881095a96c8e7d0f41508136ec7597258740","/static/js/2.4835b941.chunk.js.LICENSE.txt":"b492abe38a8e070091423d3e5c67d91e53f5be7545961b632b2b86d1cef7969f","/static/js/2.4835b941.chunk.js.map":"6974d947648e90c22843f10098450fe6a5fbbac9a2182354314ad455d8f13f10","/static/js/3.2bf499ee.chunk.js":"47c3f011bd70ca1fd07565b343460574b74a5aac278b0aec325898b285553f06","/static/js/3.2bf499ee.chunk.js.map":"cecece88436545c34183f7ad7707cf210a23282a4a6cfe0436af5f2af72b953d","/static/js/main.5f6e9166.chunk.js":"ec2b9b0b77e98d5ca7948374d8eca1adcee334494f54176d83f666f4c9f69125","/static/js/main.5f6e9166.chunk.js.map":"e29976e7972f6b46c443a24f0d9bf9bcb275be068681f671bcd844b96e5bf1fe","/static/js/runtime-main.8655c9a1.js":"b92ec996858690c6e1533085b3cf302b8ee113eafbdaf07224e964797629b5fe","/static/js/runtime-main.8655c9a1.js.map":"02fed72c7a2e143a6aafa0aefba73668c6d156828a2bf3b71ec140f811df694c","/static/media/back-icon.7f5aaee4.svg":"066803c1611082a1aa8e38c06991d14987751c924652e1b19c0cf69112ddf7ef","/static/media/background-icon.2a514d9e.svg":"03f0752061be72af5ae715f498dd6dfefb812892e730706df543f3d9eb63af45","/static/media/birthday001.e0abf023.jpg":"05ccdd1901891d24491eefc68d0cfd61a6e7b5f0ef88a10ea1150e5e52413e4a","/static/media/birthday002.c580b455.jpg":"4ea7bb3385f2fd3d27f659a62442f6c80c5428eda7159813e5f49766b9c18954","/static/media/birthday003.0e1ddc3b.jpg":"772f2f1d87fb38b8f45366a159e290881b6120a2c2731fec298392fba30076de","/static/media/birthday004.798d0f8a.jpg":"8ef04553993d952200796bcffa6116baa43fa48813bac9d6b5d3cd0acc52da03","/static/media/bling.35947101.svg":"2f72132a63284796e204b32121686dbee210188a62960e9617743db8f6df7a68","/static/media/card-icon.6275d098.svg":"b01082862a6f245be133fc2b1dfe7a38ff4bb4a02052a26e5a53b6e7baad1bf2","/static/media/cards.9ce9e907.svg":"fa70464ac658eac24b46adff8b169bb0228dedd2e98ef2c27000638c75cb928f","/static/media/circle.f1b608e5.svg":"e7d1c7c6a96fa3a3ff8c66655270eb7e013ecc9064200ee08fb805b0ea4aaec3","/static/media/code001.b23dcf5d.jpg":"7462a1ce7a6fa235b2357cba5cd00fff4ab6b48587c734203ce5b7b37ae755ed","/static/media/code002.47376cfb.jpg":"6088c2ef4ca4a32038539ef1c56d6962cad202e100108b5747698b5ae958f7d1","/static/media/code003.66d9ce14.jpg":"65f24e4ca20d000b3417fb72fdb6c1307fecbaecd7a450ffd23bd0e5f24764ba","/static/media/code004.90379e26.jpg":"f19676d19ce14e7e1be71eda317e0e131ee9484e0c24289ba5abe8e21bf8d22d","/static/media/delete-icon.d9483b20.svg":"0425d83f3f6e2b8d192eb9ffd85f818f62634d1c524dac489a64c1000026f483","/static/media/dog001.057c79b3.jpg":"c1cf9eb746be0e334ffe3c0e415b3b2640f0c131b2ef05f222da1aee30ef0601","/static/media/dog002.1fbf83e0.jpg":"201242db0f11bec1b26c622aa75d49ab43c3083f89a4e6d69edc6b23ddf07366","/static/media/dog003.8fdf3007.jpg":"386f00060b553fdcee13a870ca3b6710834c521390588409d6a01ad6ba3c0368","/static/media/dog004.899aebc3.jpg":"d430db1b784eb753ab470fc64fe5471830b25bc57a11d718e80a830a605ba58c","/static/media/edit-icon.1610f3fa.svg":"efb68aa73e7fe5534a74dbaa761c5526abe96d53cdda519e72e83ff8b0718310","/static/media/heart.63715877.svg":"247351f72ae2436cb6df48c462adc7643c2f7664bad25abfc522f985a0b3b1bf","/static/media/left-arrow-icon-hover.1e1b23f6.svg":"809d685bed5a564c21ef041a84aadc2357b2ffc9f87b3f22a2717ce6ae9aeda8","/static/media/left-arrow-icon.8d435aeb.svg":"9b9effc4fc785fb1e15b5a2f7f2560a9245dd0ca7e1d9a69f438dadd3371501a","/static/media/mail-icon.9c2a9262.svg":"300d02cc4595ee9624fa1f8a29fa44fc4e374340f8d14fde7b98f75f1792c03a","/static/media/mail-white-icon.13e9c519.svg":"e0140af63600cf79924dddd0cccd2189cc9adeabaf383f6e20ad487cbff49228","/static/media/main-loading.f5163a4e.gif":"9bd785165b512100d61e5dac719c1df0789c4632933d5569b008726e68db07f7","/static/media/paper-airplane-icon.f357e405.svg":"baa7d72186d1b2efdc88d9beb5ea9235882a35e59caff9d9578a82b49978f109","/static/media/picture-icon.fe0800c1.svg":"e437c27e83bc5f052d679bb653c7a6dd3daee5b865ad85276a23b5d33c32b382","/static/media/profile-loading.2457876c.gif":"3fa423baad8d5698d55ac192ac2f0a7de4899a1ebc9822bd8cb091fde2d00c68","/static/media/radiusSquare.b25717dd.svg":"00974f7df7440c8dd63689d3b3f3275f19f017e2dc7c0ce823b42ad7c01f0d8e","/static/media/rec-cards.d6252a61.svg":"2bbf6aac051fa44c143bbbcfb10bf00d86d03328df2cbab561adaa7674224ea6","/static/media/right-arrow-icon-hover.11833373.svg":"31f1d86368f156c8c1e44df69114f924a207554d3718c0e1a9a9a469aca9ace5","/static/media/right-arrow-icon.194ca1ae.svg":"0fb19a581a9d41010550ab5b5a6ebcccdad68c14839bb87bf36a87a0b0f11d66","/static/media/save-icon.53273fd2.svg":"255ac085e47bd6c0160d0cfc3c48cbae87185b97d8032c98d76309a5bd50dd73","/static/media/Scard-logo-02.5f7d715c.svg":"e2c661a09b152142e5fdb2566ffa0eecb75f34d2014137cc801b61e5533e8b28","/static/media/shape-icon.1b1dc535.svg":"b376814b31e98305e3bffadfa6d699cef840e4da57c502fb907903775372a6c0","/static/media/square.3d02288e.svg":"90423c9524470cd00cea7dca8424ea8c5ab5bb81d49c7dcf3322e7e1126e0f66","/static/media/star.fa266f6d.svg":"b25d1ba2456c3ec8bf8f716a0495fedbdbde4a6808a59a1b130a50e31e9f7988","/static/media/template-icon.04329e1d.svg":"eabb5581b20c00dc271f778443e3a0169c92f85f3d928fbca9f03a402431354e","/static/media/text-icon.cff8814b.svg":"9c795070a48c156220ed747fe36382e74235cf1456a3a2e2d0a937343dd8bb17","/static/media/triangle.b454c367.svg":"11b267a18e8d40901e03aab73aac7ffd33879dda457747775623fcea22c24c95","/static/media/upload-icon.7f7867d2.svg":"37b663fec3d8830ddafe6e0e2928535018c0fe02b87f06e6f78fb43b8afcc1a3","/static/media/view-icon.46879a3c.svg":"f12a551d3f06e76c434db70943e6f2bc21030702723d95bc66b03878a3402a23","/static/media/waterDrop.397e632b.svg":"b1b318ea36b897a3227bb1fcd680709708a35e69e2361caba8c5a44d340eb4a5"}}
[debug] [2021-06-24T04:15:11.171Z] <<< [apiv2][status] POST https://firebasehosting.googleapis.com/v1beta1/sites/scard-45610/versions/d49da84b428c43ed:populateFiles 200
[debug] [2021-06-24T04:15:11.171Z] <<< [apiv2][body] POST https://firebasehosting.googleapis.com/v1beta1/sites/scard-45610/versions/d49da84b428c43ed:populateFiles {"uploadUrl":"https://upload-firebasehosting.googleapis.com/upload/sites/scard-45610/versions/d49da84b428c43ed/files"}
[debug] [2021-06-24T04:15:11.172Z] [hosting][populate queue][FINAL] {"max":1505,"min":1505,"avg":1505,"active":0,"complete":1,"success":1,"errored":0,"retried":0,"total":1,"elapsed":1505}
[debug] [2021-06-24T04:15:11.172Z] [hosting] uploads queued: 0
[debug] [2021-06-24T04:15:11.173Z] [hosting][upload queue][FINAL] {"max":0,"min":9999999999,"avg":0,"active":0,"complete":0,"success":0,"errored":0,"retried":0,"total":0,"elapsed":1624508111173}
[info] +  hosting[scard-45610]: file upload complete 
[debug] [2021-06-24T04:15:11.175Z] [hosting] deploy completed after 1604ms
[debug] [2021-06-24T04:15:11.181Z] [rules] releasing firebase.storage/scard-45610.appspot.com with ruleset projects/scard-45610/rulesets/fed8e641-90d6-4bbc-88d5-b50fb832fa7f
[debug] [2021-06-24T04:15:11.182Z] > refreshing access token with scopes: ["email","https://www.googleapis.com/auth/cloud-platform","https://www.googleapis.com/auth/cloudplatformprojects.readonly","https://www.googleapis.com/auth/firebase","openid"]
[debug] [2021-06-24T04:15:11.183Z] >>> HTTP REQUEST POST https://www.googleapis.com/oauth2/v3/token  
 <request body omitted>
[debug] [2021-06-24T04:15:11.258Z] <<< HTTP RESPONSE 200 {"date":"Thu, 24 Jun 2021 04:15:11 GMT","expires":"Mon, 01 Jan 1990 00:00:00 GMT","cache-control":"no-cache, no-store, max-age=0, must-revalidate","pragma":"no-cache","content-type":"application/json; charset=utf-8","vary":"X-Origin, Referer, Origin,Accept-Encoding","server":"scaffolding on HTTPServer2","x-xss-protection":"0","x-frame-options":"SAMEORIGIN","x-content-type-options":"nosniff","alt-svc":"h3=\":443\"; ma=2592000,h3-29=\":443\"; ma=2592000,h3-T051=\":443\"; ma=2592000,h3-Q050=\":443\"; ma=2592000,h3-Q046=\":443\"; ma=2592000,h3-Q043=\":443\"; ma=2592000,quic=\":443\"; ma=2592000; v=\"46,43\"","accept-ranges":"none","transfer-encoding":"chunked"}
[debug] [2021-06-24T04:15:11.329Z] >>> HTTP REQUEST PATCH https://firebaserules.googleapis.com/v1/projects/scard-45610/releases/firebase.storage/scard-45610.appspot.com  
 {"release":{"name":"projects/scard-45610/releases/firebase.storage/scard-45610.appspot.com","rulesetName":"projects/scard-45610/rulesets/fed8e641-90d6-4bbc-88d5-b50fb832fa7f"}}
[debug] [2021-06-24T04:15:12.365Z] <<< HTTP RESPONSE 200 {"content-type":"application/json; charset=UTF-8","vary":"X-Origin, Referer, Origin,Accept-Encoding","date":"Thu, 24 Jun 2021 04:15:12 GMT","server":"ESF","cache-control":"private","x-xss-protection":"0","x-frame-options":"SAMEORIGIN","x-content-type-options":"nosniff","alt-svc":"h3=\":443\"; ma=2592000,h3-29=\":443\"; ma=2592000,h3-T051=\":443\"; ma=2592000,h3-Q050=\":443\"; ma=2592000,h3-Q046=\":443\"; ma=2592000,h3-Q043=\":443\"; ma=2592000,quic=\":443\"; ma=2592000; v=\"46,43\"","accept-ranges":"none","transfer-encoding":"chunked"}
[debug] [2021-06-24T04:15:12.366Z] [rules] updated release projects/scard-45610/releases/firebase.storage/scard-45610.appspot.com
[info] +  storage: released rules storage.rules to firebase.storage 
[debug] [2021-06-24T04:15:12.368Z] [rules] releasing cloud.firestore with ruleset projects/scard-45610/rulesets/f3d45fb9-42e1-42f3-bbde-2f212f0f4883
[debug] [2021-06-24T04:15:12.369Z] >>> HTTP REQUEST PATCH https://firebaserules.googleapis.com/v1/projects/scard-45610/releases/cloud.firestore  
 {"release":{"name":"projects/scard-45610/releases/cloud.firestore","rulesetName":"projects/scard-45610/rulesets/f3d45fb9-42e1-42f3-bbde-2f212f0f4883"}}
[debug] [2021-06-24T04:15:13.398Z] <<< HTTP RESPONSE 200 {"content-type":"application/json; charset=UTF-8","vary":"X-Origin, Referer, Origin,Accept-Encoding","date":"Thu, 24 Jun 2021 04:15:13 GMT","server":"ESF","cache-control":"private","x-xss-protection":"0","x-frame-options":"SAMEORIGIN","x-content-type-options":"nosniff","alt-svc":"h3=\":443\"; ma=2592000,h3-29=\":443\"; ma=2592000,h3-T051=\":443\"; ma=2592000,h3-Q050=\":443\"; ma=2592000,h3-Q046=\":443\"; ma=2592000,h3-Q043=\":443\"; ma=2592000,quic=\":443\"; ma=2592000; v=\"46,43\"","accept-ranges":"none","transfer-encoding":"chunked"}
[debug] [2021-06-24T04:15:13.399Z] [rules] updated release projects/scard-45610/releases/cloud.firestore
[info] +  firestore: released rules firestore.rules to cloud.firestore 
[debug] [2021-06-24T04:15:13.463Z] TypeError: Cannot read property 'length' of undefined
    at Object.functionMatchesAnyGroup (C:\Users\Dean\AppData\Roaming\npm\node_modules\firebase-tools\lib\deploy\functions\functionsDeployHelper.js:11:23)
    at C:\Users\Dean\AppData\Roaming\npm\node_modules\firebase-tools\lib\deploy\functions\deploymentPlanner.js:25:56
    at Array.filter (<anonymous>)
    at calculateRegionalFunctionChanges (C:\Users\Dean\AppData\Roaming\npm\node_modules\firebase-tools\lib\deploy\functions\deploymentPlanner.js:25:17)
    at Object.createDeploymentPlan (C:\Users\Dean\AppData\Roaming\npm\node_modules\firebase-tools\lib\deploy\functions\deploymentPlanner.js:53:50)
    at release (C:\Users\Dean\AppData\Roaming\npm\node_modules\firebase-tools\lib\deploy\functions\release.js:24:48)
    at processTicksAndRejections (internal/process/task_queues.js:93:5)
[error] 
[error] Error: An unexpected error has occurred.
